<?xml version="1.0" encoding="UTF-8"?>
<testsuite name="Safari_531227_Mac_OS.utilsTest" errors="0" failures="0" tests="5" time="0.0020">
<testcase classname="Safari_531227_Mac_OS.utilsTest" name="testStringFormat" time="0.0010"/>
<testcase classname="Safari_531227_Mac_OS.utilsTest" name="testToHtml" time="0.0"/>
<testcase classname="Safari_531227_Mac_OS.utilsTest" name="testToHtmlMultipleNodes" time="0.0"/>
<testcase classname="Safari_531227_Mac_OS.utilsTest" name="testAppendHtml" time="0.0"/>
<testcase classname="Safari_531227_Mac_OS.utilsTest" name="testAppendHtmlMultipleNodes" time="0.0010"/>
</testsuite>
