<?xml version="1.0" encoding="UTF-8"?>
<testsuite name="Safari_531227_Mac_OS.AssertTypeOfApplicationsTest" errors="0" failures="0" tests="10" time="0.0020">
<testcase classname="Safari_531227_Mac_OS.AssertTypeOfApplicationsTest" name="test assertBoolean should delegate to assertTypeOf" time="0.0"/>
<testcase classname="Safari_531227_Mac_OS.AssertTypeOfApplicationsTest" name="test assertBoolean should delegate to assertTypeOf with message" time="0.0"/>
<testcase classname="Safari_531227_Mac_OS.AssertTypeOfApplicationsTest" name="test assertFunction should delegate to assertTypeOf" time="0.0"/>
<testcase classname="Safari_531227_Mac_OS.AssertTypeOfApplicationsTest" name="test assertFunction should delegate to assertTypeOf with message" time="0.0010"/>
<testcase classname="Safari_531227_Mac_OS.AssertTypeOfApplicationsTest" name="test assertNumber should delegate to assertTypeOf" time="0.0"/>
<testcase classname="Safari_531227_Mac_OS.AssertTypeOfApplicationsTest" name="test assertNumber should delegate to assertTypeOf with message" time="0.0"/>
<testcase classname="Safari_531227_Mac_OS.AssertTypeOfApplicationsTest" name="test assertObject should delegate to assertTypeOf" time="0.0"/>
<testcase classname="Safari_531227_Mac_OS.AssertTypeOfApplicationsTest" name="test assertObject should delegate to assertTypeOf with message" time="0.0010"/>
<testcase classname="Safari_531227_Mac_OS.AssertTypeOfApplicationsTest" name="test assertString should delegate to assertTypeOf" time="0.0"/>
<testcase classname="Safari_531227_Mac_OS.AssertTypeOfApplicationsTest" name="test assertString should delegate to assertTypeOf with message" time="0.0"/>
</testsuite>
