<?xml version="1.0" encoding="UTF-8"?>
<testsuite name="Safari_531227_Mac_OS.HtmlDocTest" errors="0" failures="0" tests="2" time="0.0010">
<testcase classname="Safari_531227_Mac_OS.HtmlDocTest" name="testAssign" time="0.0010"/>
<testcase classname="Safari_531227_Mac_OS.HtmlDocTest" name="testAppend" time="0.0"/>
</testsuite>
