<?xml version="1.0" encoding="UTF-8"?>
<testsuite name="Safari_531227_Mac_OS.StylesheetLoaderTest" errors="0" failures="0" tests="7" time="0.0020">
<testcase classname="Safari_531227_Mac_OS.StylesheetLoaderTest" name="testOnLoad" time="0.0"/>
<testcase classname="Safari_531227_Mac_OS.StylesheetLoaderTest" name="testOnLoadError" time="0.0"/>
<testcase classname="Safari_531227_Mac_OS.StylesheetLoaderTest" name="testOnLoadWindowError" time="0.0010"/>
<testcase classname="Safari_531227_Mac_OS.StylesheetLoaderTest" name="testOnReadyStateChange" time="0.0"/>
<testcase classname="Safari_531227_Mac_OS.StylesheetLoaderTest" name="testOnSynchronousLoad" time="0.0"/>
<testcase classname="Safari_531227_Mac_OS.StylesheetLoaderTest" name="testOnReadyStateChangeError" time="0.0010"/>
<testcase classname="Safari_531227_Mac_OS.StylesheetLoaderTest" name="testOnReadyStateChangeWindowError" time="0.0"/>
</testsuite>
