<?xml version="1.0" encoding="UTF-8"?>
<testsuite name="Safari_531227_Mac_OS.AssertArrayTest" errors="0" failures="0" tests="5" time="0.0010">
<testcase classname="Safari_531227_Mac_OS.AssertArrayTest" name="test should check arrayness with jstestdriver.jQuery.isArray" time="0.0"/>
<testcase classname="Safari_531227_Mac_OS.AssertArrayTest" name="test should pass when isArray returns true" time="0.0"/>
<testcase classname="Safari_531227_Mac_OS.AssertArrayTest" name="test should pass with message when isArray returns true" time="0.0"/>
<testcase classname="Safari_531227_Mac_OS.AssertArrayTest" name="test should fail when isArray returns false" time="0.0010"/>
<testcase classname="Safari_531227_Mac_OS.AssertArrayTest" name="test should fail with message when isArray returns false" time="0.0"/>
</testsuite>
