<?xml version="1.0" encoding="UTF-8"?>
<testsuite name="Safari_531227_Mac_OS.AssertInstanceOfTest" errors="0" failures="0" tests="4" time="0.0010">
<testcase classname="Safari_531227_Mac_OS.AssertInstanceOfTest" name="test should pass when object is instance of constructor" time="0.0"/>
<testcase classname="Safari_531227_Mac_OS.AssertInstanceOfTest" name="test should pass with message when object is instance of constructor" time="0.0"/>
<testcase classname="Safari_531227_Mac_OS.AssertInstanceOfTest" name="test should fail if object is not instance of constructor" time="0.0010"/>
<testcase classname="Safari_531227_Mac_OS.AssertInstanceOfTest" name="test should fail with message if object is not instance of constructor" time="0.0"/>
</testsuite>
