<?xml version="1.0" encoding="UTF-8"?>
<testsuite name="Safari_531227_Mac_OS.AssertClassNameTest" errors="0" failures="0" tests="7" time="0.0050000004">
<testcase classname="Safari_531227_Mac_OS.AssertClassNameTest" name="test should pass when class name is correct" time="0.0010"/>
<testcase classname="Safari_531227_Mac_OS.AssertClassNameTest" name="test should pass with message when class name is correct" time="0.0010"/>
<testcase classname="Safari_531227_Mac_OS.AssertClassNameTest" name="test should pass when class name contains expected class name" time="0.0"/>
<testcase classname="Safari_531227_Mac_OS.AssertClassNameTest" name="test should fail for missing class name" time="0.0010"/>
<testcase classname="Safari_531227_Mac_OS.AssertClassNameTest" name="test should fail with message for missing class name" time="0.0010"/>
<testcase classname="Safari_531227_Mac_OS.AssertClassNameTest" name="test should fail when element has no classes" time="0.0"/>
<testcase classname="Safari_531227_Mac_OS.AssertClassNameTest" name="test should fail with message when element has no classes" time="0.0010"/>
</testsuite>
