<?xml version="1.0" encoding="UTF-8"?>
<testsuite name="Safari_531227_Mac_OS.DefaultPluginTest" errors="0" failures="0" tests="1" time="0.0">
<testcase classname="Safari_531227_Mac_OS.DefaultPluginTest" name="testCheckThatRightPluginIsCalled" time="0.0"/>
</testsuite>
