<?xml version="1.0" encoding="UTF-8"?>
<testsuite name="Safari_531227_Mac_OS.heartbeatTest" errors="0" failures="0" tests="6" time="0.0020">
<testcase classname="Safari_531227_Mac_OS.heartbeatTest" name="testStartHeartbeat" time="0.0"/>
<testcase classname="Safari_531227_Mac_OS.heartbeatTest" name="testErrorCallback" time="0.0010"/>
<testcase classname="Safari_531227_Mac_OS.heartbeatTest" name="testErrorStopRetryAfterLimit" time="0.0"/>
<testcase classname="Safari_531227_Mac_OS.heartbeatTest" name="testUnknownOnServer" time="0.0010"/>
<testcase classname="Safari_531227_Mac_OS.heartbeatTest" name="testUnknownOnServerStrict" time="0.0"/>
<testcase classname="Safari_531227_Mac_OS.heartbeatTest" name="testHeartbeatCallbackFast" time="0.0"/>
</testsuite>
