<?xml version="1.0" encoding="UTF-8"?>
<testsuite name="Safari_531227_Mac_OS.commandExecutorTest" errors="0" failures="0" tests="8" time="0.0030">
<testcase classname="Safari_531227_Mac_OS.commandExecutorTest" name="testExtractIdFromUrl" time="0.0"/>
<testcase classname="Safari_531227_Mac_OS.commandExecutorTest" name="testFetchCommandNoLibsSendResponseLoop" time="0.0010"/>
<testcase classname="Safari_531227_Mac_OS.commandExecutorTest" name="testConvertJsToJson" time="0.0"/>
<testcase classname="Safari_531227_Mac_OS.commandExecutorTest" name="testHandleDisconnectionByServer" time="0.0010"/>
<testcase classname="Safari_531227_Mac_OS.commandExecutorTest" name="testEvaluateGoodAndBadCommand" time="0.0"/>
<testcase classname="Safari_531227_Mac_OS.commandExecutorTest" name="testRemoveScriptTags" time="0.0"/>
<testcase classname="Safari_531227_Mac_OS.commandExecutorTest" name="testRegisterCommandAndUseIt" time="0.0010"/>
<testcase classname="Safari_531227_Mac_OS.commandExecutorTest" name="testCallPluginOnTestResultAdded" time="0.0"/>
</testsuite>
