<?xml version="1.0" encoding="UTF-8"?>
<testsuite name="Safari_531227_Mac_OS.ScriptLoaderTest" errors="0" failures="0" tests="6" time="0.0030">
<testcase classname="Safari_531227_Mac_OS.ScriptLoaderTest" name="testOnLoad" time="0.0"/>
<testcase classname="Safari_531227_Mac_OS.ScriptLoaderTest" name="testOnLoadError" time="0.0010"/>
<testcase classname="Safari_531227_Mac_OS.ScriptLoaderTest" name="testOnLoadWindowError" time="0.0"/>
<testcase classname="Safari_531227_Mac_OS.ScriptLoaderTest" name="testOnReadyStateChange" time="0.0010"/>
<testcase classname="Safari_531227_Mac_OS.ScriptLoaderTest" name="testOnReadyStateChangeError" time="0.0"/>
<testcase classname="Safari_531227_Mac_OS.ScriptLoaderTest" name="testOnReadyStateChangeWindowError" time="0.0010"/>
</testsuite>
