<?xml version="1.0" encoding="UTF-8"?>
<testsuite name="Safari_531227_Mac_OS.AssertNotEqualsTest" errors="0" failures="0" tests="5" time="0.0020">
<testcase classname="Safari_531227_Mac_OS.AssertNotEqualsTest" name="test should call assertEquals to compare arguments" time="0.0010"/>
<testcase classname="Safari_531227_Mac_OS.AssertNotEqualsTest" name="test should call assertEquals with three arguments" time="0.0"/>
<testcase classname="Safari_531227_Mac_OS.AssertNotEqualsTest" name="test should call assertEquals with original message" time="0.0"/>
<testcase classname="Safari_531227_Mac_OS.AssertNotEqualsTest" name="test should fail when assertEquals passes" time="0.0010"/>
<testcase classname="Safari_531227_Mac_OS.AssertNotEqualsTest" name="test should pass when assertEquals fails" time="0.0"/>
</testsuite>
