<?xml version="1.0" encoding="UTF-8"?>
<testsuite name="Safari_531227_Mac_OS.AssertNaNTest" errors="0" failures="0" tests="4" time="0.0010">
<testcase classname="Safari_531227_Mac_OS.AssertNaNTest" name="test should pass when NaN is passed" time="0.0"/>
<testcase classname="Safari_531227_Mac_OS.AssertNaNTest" name="test should pass when NaN and message is passed" time="0.0010"/>
<testcase classname="Safari_531227_Mac_OS.AssertNaNTest" name="test should fail when number not NaN is passed" time="0.0"/>
<testcase classname="Safari_531227_Mac_OS.AssertNaNTest" name="test should fail when message and number not NaN is passed" time="0.0"/>
</testsuite>
