<?xml version="1.0" encoding="UTF-8"?>
<testsuite name="Safari_531227_Mac_OS.AssertNotUndefinedTest" errors="0" failures="0" tests="5" time="0.0010">
<testcase classname="Safari_531227_Mac_OS.AssertNotUndefinedTest" name="test should fail when undefined is passed" time="0.0010"/>
<testcase classname="Safari_531227_Mac_OS.AssertNotUndefinedTest" name="test should fail with message when message and undefined is passed" time="0.0"/>
<testcase classname="Safari_531227_Mac_OS.AssertNotUndefinedTest" name="test should pass for null" time="0.0"/>
<testcase classname="Safari_531227_Mac_OS.AssertNotUndefinedTest" name="test should pass for object" time="0.0"/>
<testcase classname="Safari_531227_Mac_OS.AssertNotUndefinedTest" name="test should pass for object with message" time="0.0"/>
</testsuite>
