<?xml version="1.0" encoding="UTF-8"?>
<testsuite name="Safari_531227_Mac_OS.AssertNotNullTest" errors="0" failures="0" tests="4" time="0.0">
<testcase classname="Safari_531227_Mac_OS.AssertNotNullTest" name="test should fail when null is passed" time="0.0"/>
<testcase classname="Safari_531227_Mac_OS.AssertNotNullTest" name="test should fail with message when message and null is passed" time="0.0"/>
<testcase classname="Safari_531227_Mac_OS.AssertNotNullTest" name="test should pass for undefined" time="0.0"/>
<testcase classname="Safari_531227_Mac_OS.AssertNotNullTest" name="test should pass for object" time="0.0"/>
</testsuite>
