<?xml version="1.0" encoding="UTF-8"?>
<testsuite name="Safari_531227_Mac_OS.PluginRegistrarTest" errors="0" failures="0" tests="5" time="0.0010">
<testcase classname="Safari_531227_Mac_OS.PluginRegistrarTest" name="testRegisterPlugin" time="0.0"/>
<testcase classname="Safari_531227_Mac_OS.PluginRegistrarTest" name="testUnregisterPlugin" time="0.0"/>
<testcase classname="Safari_531227_Mac_OS.PluginRegistrarTest" name="testUnregisterPluginUnknowPlugin" time="0.0"/>
<testcase classname="Safari_531227_Mac_OS.PluginRegistrarTest" name="testHandleAction" time="0.0010"/>
<testcase classname="Safari_531227_Mac_OS.PluginRegistrarTest" name="testPluginIsReplaced" time="0.0"/>
</testsuite>
