<?xml version="1.0" encoding="UTF-8"?>
<testsuite name="Safari_531227_Mac_OS.TestRunnerPluginTest" errors="0" failures="0" tests="9" time="0.0040">
<testcase classname="Safari_531227_Mac_OS.TestRunnerPluginTest" name="testRunOneTest" time="0.0010"/>
<testcase classname="Safari_531227_Mac_OS.TestRunnerPluginTest" name="testCheckResultObject" time="0.0"/>
<testcase classname="Safari_531227_Mac_OS.TestRunnerPluginTest" name="testClearBody" time="0.0"/>
<testcase classname="Safari_531227_Mac_OS.TestRunnerPluginTest" name="testWrongTest" time="0.0010"/>
<testcase classname="Safari_531227_Mac_OS.TestRunnerPluginTest" name="testWrongTestCase" time="0.0"/>
<testcase classname="Safari_531227_Mac_OS.TestRunnerPluginTest" name="testSetUpError" time="0.0010"/>
<testcase classname="Safari_531227_Mac_OS.TestRunnerPluginTest" name="testTearDownError" time="0.0"/>
<testcase classname="Safari_531227_Mac_OS.TestRunnerPluginTest" name="testTearDownCalledWhenTestFails" time="0.0010"/>
<testcase classname="Safari_531227_Mac_OS.TestRunnerPluginTest" name="testSetUpAndTearDownNotCalledWhenNotPresent" time="0.0"/>
</testsuite>
