<?xml version="1.0" encoding="UTF-8"?>
<testsuite name="Safari_531227_Mac_OS.FileLoaderTest" errors="0" failures="0" tests="2" time="0.0030">
<testcase classname="Safari_531227_Mac_OS.FileLoaderTest" name="testNoFilesToLoad" time="0.0"/>
<testcase classname="Safari_531227_Mac_OS.FileLoaderTest" name="testFilesToLoad" time="0.0030"/>
</testsuite>
