<?xml version="1.0" encoding="UTF-8"?>
<testsuite name="Safari_531227_Mac_OS.libLoaderTest" errors="0" failures="0" tests="1" time="0.0010">
<testcase classname="Safari_531227_Mac_OS.libLoaderTest" name="testAllScriptLoadedExecuteCallback" time="0.0010"/>
</testsuite>
