<?xml version="1.0" encoding="UTF-8"?>
<testsuite name="Safari_531227_Mac_OS.TestCaseManagerTest" errors="0" failures="0" tests="8" time="0.0050000004">
<testcase classname="Safari_531227_Mac_OS.TestCaseManagerTest" name="testAddTestCaseInfo" time="0.0"/>
<testcase classname="Safari_531227_Mac_OS.TestCaseManagerTest" name="testAddAndReplace" time="0.0010"/>
<testcase classname="Safari_531227_Mac_OS.TestCaseManagerTest" name="testDefaultRunConfigProperlyGenerated" time="0.0020"/>
<testcase classname="Safari_531227_Mac_OS.TestCaseManagerTest" name="testCurrentlyLoadedTestInfoAreCorrect" time="0.0"/>
<testcase classname="Safari_531227_Mac_OS.TestCaseManagerTest" name="testCurrentlyLoadedTestForExpressionsInfoAreCorrect" time="0.0010"/>
<testcase classname="Safari_531227_Mac_OS.TestCaseManagerTest" name="testSameFilenameTestCaseIsReplaced" time="0.0"/>
<testcase classname="Safari_531227_Mac_OS.TestCaseManagerTest" name="testTestCaseDifferentFilenameIsReplaced" time="0.0"/>
<testcase classname="Safari_531227_Mac_OS.TestCaseManagerTest" name="testRemoveTestCaseForFilename" time="0.0010"/>
</testsuite>
